2024-10-02 11:42:36,992 - main - INFO - Epoch: 001 | Train loss: 0.664294 | Val loss: 0.489533 |
2024-10-02 11:42:37,485 - main - INFO - Model saved at checkpoint/model_epoch_20241002_114237_1.pth
2024-10-02 11:48:01,522 - main - INFO - Epoch: 002 | Train loss: 0.613194 | Val loss: 0.437851 |
2024-10-02 11:48:02,096 - main - INFO - Model saved at checkpoint/model_epoch_20241002_114801_2.pth
2024-10-02 11:53:36,526 - main - INFO - Epoch: 003 | Train loss: 0.583585 | Val loss: 0.429877 |
2024-10-02 11:53:37,023 - main - INFO - Model saved at checkpoint/model_epoch_20241002_115336_3.pth
2024-10-02 11:58:58,854 - main - INFO - Epoch: 004 | Train loss: 0.559866 | Val loss: 0.514914 |
2024-10-02 11:58:58,887 - main - INFO - *******patience:0*********
2024-10-02 12:04:21,641 - main - INFO - Epoch: 005 | Train loss: 0.541198 | Val loss: 0.484062 |
2024-10-02 12:04:21,663 - main - INFO - *******patience:1*********
2024-10-02 12:09:36,444 - main - INFO - Epoch: 006 | Train loss: 0.526850 | Val loss: 0.421760 |
2024-10-02 12:09:36,968 - main - INFO - Model saved at checkpoint/model_epoch_20241002_120936_6.pth
2024-10-02 12:14:50,633 - main - INFO - Epoch: 007 | Train loss: 0.511111 | Val loss: 0.447026 |
2024-10-02 12:14:50,644 - main - INFO - *******patience:0*********
2024-10-02 12:20:09,073 - main - INFO - Epoch: 008 | Train loss: 0.508221 | Val loss: 0.475139 |
2024-10-02 12:20:09,075 - main - INFO - *******patience:1*********
2024-10-02 12:25:23,448 - main - INFO - Epoch: 009 | Train loss: 0.512881 | Val loss: 0.421691 |
2024-10-02 12:25:23,982 - main - INFO - Model saved at checkpoint/model_epoch_20241002_122523_9.pth
2024-10-02 12:30:41,992 - main - INFO - Epoch: 010 | Train loss: 0.506139 | Val loss: 0.449676 |
2024-10-02 12:30:42,003 - main - INFO - *******patience:0*********
2024-10-02 12:35:58,849 - main - INFO - Epoch: 011 | Train loss: 0.504296 | Val loss: 0.426045 |
2024-10-02 12:35:58,853 - main - INFO - *******patience:1*********
2024-10-02 12:41:15,493 - main - INFO - Epoch: 012 | Train loss: 0.493828 | Val loss: 0.446005 |
2024-10-02 12:41:15,515 - main - INFO - *******patience:2*********
2024-10-02 12:46:37,227 - main - INFO - Epoch: 013 | Train loss: 0.477067 | Val loss: 0.495658 |
2024-10-02 12:46:37,270 - main - INFO - *******patience:3*********
2024-10-02 13:00:16,720 - main - INFO - Epoch: 014 | Train loss: 0.455335 | Val loss: 0.458501 |
2024-10-02 13:00:16,754 - main - INFO - *******patience:4*********
2024-10-02 13:05:37,485 - main - INFO - Epoch: 015 | Train loss: 0.432634 | Val loss: 0.474638 |
2024-10-02 13:05:37,490 - main - INFO - *******patience:5*********
2024-10-02 13:10:50,292 - main - INFO - Epoch: 016 | Train loss: 0.411313 | Val loss: 0.453744 |
2024-10-02 13:10:50,320 - main - INFO - *******patience:6*********
2024-10-02 13:16:05,187 - main - INFO - Epoch: 017 | Train loss: 0.385127 | Val loss: 0.472952 |
2024-10-02 13:16:05,217 - main - INFO - *******patience:7*********
2024-10-02 13:16:05,217 - main - INFO - Early stopping.
2024-10-02 13:16:23,035 - main - INFO - Loss 0.068220 
steam_MAPE 0.157260 | electricity_MAPE 1.089821 | compressed_air_MAPE 0.218863 | generator_MAPE 0.005658 | compressor_MAPE 0.004847
