2024-10-04 20:32:32,910 - hyper_search - INFO - ------------------------------
2024-10-04 20:38:46,152 - hyper_search - INFO - Epoch: 001 | Train loss: 0.602665 | Val loss: 0.482624 |
2024-10-04 20:44:23,617 - hyper_search - INFO - Epoch: 002 | Train loss: 0.535590 | Val loss: 0.450124 |
2024-10-04 20:50:03,143 - hyper_search - INFO - Epoch: 003 | Train loss: 0.500779 | Val loss: 0.407206 |
2024-10-04 20:55:41,536 - hyper_search - INFO - Epoch: 004 | Train loss: 0.472913 | Val loss: 0.404606 |
2024-10-04 21:01:35,119 - hyper_search - INFO - Epoch: 005 | Train loss: 0.438366 | Val loss: 0.282689 |
2024-10-04 21:07:12,966 - hyper_search - INFO - Epoch: 006 | Train loss: 0.397268 | Val loss: 0.282467 |
2024-10-04 21:12:54,529 - hyper_search - INFO - Epoch: 007 | Train loss: 0.371814 | Val loss: 0.261624 |
2024-10-04 21:18:59,645 - hyper_search - INFO - Epoch: 008 | Train loss: 0.359762 | Val loss: 0.257529 |
2024-10-04 21:24:46,081 - hyper_search - INFO - Epoch: 009 | Train loss: 0.355800 | Val loss: 0.256096 |
2024-10-04 21:30:34,641 - hyper_search - INFO - Epoch: 010 | Train loss: 0.349237 | Val loss: 0.252690 |
2024-10-04 21:36:10,812 - hyper_search - INFO - Epoch: 011 | Train loss: 0.324723 | Val loss: 0.251017 |
2024-10-04 21:41:49,011 - hyper_search - INFO - Epoch: 012 | Train loss: 0.302784 | Val loss: 0.270309 |
2024-10-04 21:41:49,013 - hyper_search - INFO - *******patience:0*********
2024-10-04 21:47:26,077 - hyper_search - INFO - Epoch: 013 | Train loss: 0.301117 | Val loss: 0.271122 |
2024-10-04 21:47:26,080 - hyper_search - INFO - *******patience:1*********
2024-10-04 21:53:04,252 - hyper_search - INFO - Epoch: 014 | Train loss: 0.282165 | Val loss: 0.259958 |
2024-10-04 21:53:04,267 - hyper_search - INFO - *******patience:2*********
2024-10-04 21:58:50,192 - hyper_search - INFO - Epoch: 015 | Train loss: 0.272420 | Val loss: 0.255788 |
2024-10-04 21:58:50,195 - hyper_search - INFO - *******patience:3*********
2024-10-04 21:58:50,322 - hyper_search - INFO - **************
2024-10-04 21:58:50,322 - hyper_search - INFO - Iter 1:
2024-10-04 21:58:50,322 - hyper_search - INFO - Best Loss: 0.2557883858680725
2024-10-04 21:58:50,322 - hyper_search - INFO - Best lr: 0.0003918194347141745,Best weight_decay_rate: 0.00023273922280628724,Best droprate: 0.41187640010910787, Best phy_top_type: KNN,Best graph_type: epsilonNN,Best graph_skip_conn: 0.09997491581800291, Best epsilon: 0.45924889196586727,Best top_k: 4, Best num_per: 2
2024-10-04 21:58:50,322 - hyper_search - INFO - Now Loss: 0.2557883858680725
2024-10-04 21:58:50,323 - hyper_search - INFO - Now lr: 0.0003918194347141745,Now weight_decay_rate: 0.00023273922280628724,Now droprate: 0.41187640010910787,Now phy_top_type: KNN,Now graph_type: epsilonNN,Now graph_skip_conn: 0.09997491581800291, Now epsilon: 0.45924889196586727,Now top_k: 4, Now num_per: 2
2024-10-04 21:58:51,054 - hyper_search - INFO - ------------------------------
2024-10-04 22:04:41,356 - hyper_search - INFO - Epoch: 001 | Train loss: 0.784650 | Val loss: 0.466987 |
2024-10-04 22:10:06,074 - hyper_search - INFO - Epoch: 002 | Train loss: 0.483768 | Val loss: 0.341958 |
2024-10-04 22:15:33,456 - hyper_search - INFO - Epoch: 003 | Train loss: 0.417874 | Val loss: 0.318627 |
2024-10-04 22:21:17,628 - hyper_search - INFO - Epoch: 004 | Train loss: 0.385295 | Val loss: 0.295457 |
2024-10-04 22:27:13,590 - hyper_search - INFO - Epoch: 005 | Train loss: 0.351527 | Val loss: 0.302099 |
2024-10-04 22:27:13,592 - hyper_search - INFO - *******patience:0*********
2024-10-04 22:32:54,582 - hyper_search - INFO - Epoch: 006 | Train loss: 0.330398 | Val loss: 0.292364 |
2024-10-04 22:38:15,309 - hyper_search - INFO - Epoch: 007 | Train loss: 0.323623 | Val loss: 0.283965 |
2024-10-04 22:44:06,556 - hyper_search - INFO - Epoch: 008 | Train loss: 0.314980 | Val loss: 0.279463 |
2024-10-04 22:50:12,953 - hyper_search - INFO - Epoch: 009 | Train loss: 0.312256 | Val loss: 0.276336 |
2024-10-04 22:56:35,223 - hyper_search - INFO - Epoch: 010 | Train loss: 0.312069 | Val loss: 0.276622 |
2024-10-04 22:56:35,225 - hyper_search - INFO - *******patience:0*********
2024-10-04 23:02:42,187 - hyper_search - INFO - Epoch: 011 | Train loss: 0.307014 | Val loss: 0.278522 |
2024-10-04 23:02:42,189 - hyper_search - INFO - *******patience:1*********
2024-10-04 23:08:32,206 - hyper_search - INFO - Epoch: 012 | Train loss: 0.298880 | Val loss: 0.286623 |
2024-10-04 23:08:32,208 - hyper_search - INFO - *******patience:2*********
2024-10-04 23:14:10,328 - hyper_search - INFO - Epoch: 013 | Train loss: 0.290389 | Val loss: 0.288063 |
2024-10-04 23:14:10,329 - hyper_search - INFO - *******patience:3*********
2024-10-04 23:20:01,812 - hyper_search - INFO - Epoch: 014 | Train loss: 0.282246 | Val loss: 0.280387 |
2024-10-04 23:20:01,813 - hyper_search - INFO - *******patience:4*********
2024-10-04 23:25:37,808 - hyper_search - INFO - Epoch: 015 | Train loss: 0.278916 | Val loss: 0.309558 |
2024-10-04 23:25:37,811 - hyper_search - INFO - *******patience:5*********
2024-10-04 23:25:37,899 - hyper_search - INFO - **************
2024-10-04 23:25:37,900 - hyper_search - INFO - Iter 2:
2024-10-04 23:25:37,900 - hyper_search - INFO - Best Loss: 0.2557883858680725
2024-10-04 23:25:37,900 - hyper_search - INFO - Best lr: 0.0003918194347141745,Best weight_decay_rate: 0.00023273922280628724,Best droprate: 0.41187640010910787, Best phy_top_type: KNN,Best graph_type: epsilonNN,Best graph_skip_conn: 0.09997491581800291, Best epsilon: 0.45924889196586727,Best top_k: 4, Best num_per: 2
2024-10-04 23:25:37,900 - hyper_search - INFO - Now Loss: 0.3095575273036957
2024-10-04 23:25:37,901 - hyper_search - INFO - Now lr: 0.00020034427927560742,Now weight_decay_rate: 0.000129665117537604,Now droprate: 0.38879950890673,Now phy_top_type: KNN,Now graph_type: epsilonNN,Now graph_skip_conn: 0.9922115592912177, Now epsilon: 0.6174815096277166,Now top_k: 7, Now num_per: 1
2024-10-04 23:25:38,424 - hyper_search - INFO - ------------------------------
2024-10-04 23:32:10,137 - hyper_search - INFO - Epoch: 001 | Train loss: 0.602821 | Val loss: 0.376533 |
2024-10-04 23:38:48,275 - hyper_search - INFO - Epoch: 002 | Train loss: 0.549163 | Val loss: 0.352143 |
2024-10-04 23:45:33,382 - hyper_search - INFO - Epoch: 003 | Train loss: 0.507311 | Val loss: 0.328591 |
2024-10-04 23:52:21,887 - hyper_search - INFO - Epoch: 004 | Train loss: 0.492030 | Val loss: 0.320711 |
2024-10-04 23:59:32,977 - hyper_search - INFO - Epoch: 005 | Train loss: 0.475358 | Val loss: 0.316930 |
2024-10-05 00:06:00,724 - hyper_search - INFO - Epoch: 006 | Train loss: 0.462895 | Val loss: 0.315596 |
2024-10-05 00:12:09,400 - hyper_search - INFO - Epoch: 007 | Train loss: 0.455512 | Val loss: 0.314491 |
2024-10-05 00:18:20,343 - hyper_search - INFO - Epoch: 008 | Train loss: 0.452274 | Val loss: 0.314807 |
2024-10-05 00:18:20,345 - hyper_search - INFO - *******patience:0*********
2024-10-05 00:24:30,787 - hyper_search - INFO - Epoch: 009 | Train loss: 0.452287 | Val loss: 0.314738 |
2024-10-05 00:24:30,788 - hyper_search - INFO - *******patience:1*********
2024-10-05 00:30:44,059 - hyper_search - INFO - Epoch: 010 | Train loss: 0.451316 | Val loss: 0.315839 |
2024-10-05 00:30:44,061 - hyper_search - INFO - *******patience:2*********
2024-10-05 00:36:53,413 - hyper_search - INFO - Epoch: 011 | Train loss: 0.449137 | Val loss: 0.315816 |
2024-10-05 00:36:53,415 - hyper_search - INFO - *******patience:3*********
2024-10-05 00:43:01,915 - hyper_search - INFO - Epoch: 012 | Train loss: 0.445809 | Val loss: 0.315214 |
2024-10-05 00:43:01,917 - hyper_search - INFO - *******patience:4*********
2024-10-05 00:49:10,302 - hyper_search - INFO - Epoch: 013 | Train loss: 0.433106 | Val loss: 0.316039 |
2024-10-05 00:49:10,305 - hyper_search - INFO - *******patience:5*********
2024-10-05 00:55:18,969 - hyper_search - INFO - Epoch: 014 | Train loss: 0.420514 | Val loss: 0.315094 |
2024-10-05 00:55:18,971 - hyper_search - INFO - *******patience:6*********
2024-10-05 01:01:27,520 - hyper_search - INFO - Epoch: 015 | Train loss: 0.408028 | Val loss: 0.317190 |
2024-10-05 01:01:27,521 - hyper_search - INFO - *******patience:7*********
2024-10-05 01:01:27,618 - hyper_search - INFO - **************
2024-10-05 01:01:27,638 - hyper_search - INFO - Iter 3:
2024-10-05 01:01:27,638 - hyper_search - INFO - Best Loss: 0.2557883858680725
2024-10-05 01:01:27,638 - hyper_search - INFO - Best lr: 0.0003918194347141745,Best weight_decay_rate: 0.00023273922280628724,Best droprate: 0.41187640010910787, Best phy_top_type: KNN,Best graph_type: epsilonNN,Best graph_skip_conn: 0.09997491581800291, Best epsilon: 0.45924889196586727,Best top_k: 4, Best num_per: 2
2024-10-05 01:01:27,639 - hyper_search - INFO - Now Loss: 0.3171902000904083
2024-10-05 01:01:27,639 - hyper_search - INFO - Now lr: 1.1120513715710631e-05,Now weight_decay_rate: 0.0011208547084229365,Now droprate: 0.25994438868610226,Now phy_top_type: epsilon,Now graph_type: KNN,Now graph_skip_conn: 0.23277134043030429, Now epsilon: 0.09060643453282081,Now top_k: 7, Now num_per: 4
2024-10-05 01:01:28,342 - hyper_search - INFO - ------------------------------
2024-10-05 01:07:37,443 - hyper_search - INFO - Epoch: 001 | Train loss: 0.705119 | Val loss: 0.465975 |
2024-10-05 01:13:32,676 - hyper_search - INFO - Epoch: 002 | Train loss: 0.491200 | Val loss: 0.423786 |
2024-10-05 01:19:31,520 - hyper_search - INFO - Epoch: 003 | Train loss: 0.421305 | Val loss: 0.401429 |
2024-10-05 01:25:27,273 - hyper_search - INFO - Epoch: 004 | Train loss: 0.384600 | Val loss: 0.334425 |
2024-10-05 01:31:25,179 - hyper_search - INFO - Epoch: 005 | Train loss: 0.350166 | Val loss: 0.299633 |
2024-10-05 01:37:21,742 - hyper_search - INFO - Epoch: 006 | Train loss: 0.325404 | Val loss: 0.282608 |
2024-10-05 01:43:16,574 - hyper_search - INFO - Epoch: 007 | Train loss: 0.313261 | Val loss: 0.270533 |
2024-10-05 01:49:13,534 - hyper_search - INFO - Epoch: 008 | Train loss: 0.310060 | Val loss: 0.263334 |
2024-10-05 01:55:08,085 - hyper_search - INFO - Epoch: 009 | Train loss: 0.309181 | Val loss: 0.260415 |
2024-10-05 02:01:06,953 - hyper_search - INFO - Epoch: 010 | Train loss: 0.309666 | Val loss: 0.259622 |
2024-10-05 02:07:03,724 - hyper_search - INFO - Epoch: 011 | Train loss: 0.303127 | Val loss: 0.259781 |
2024-10-05 02:07:03,726 - hyper_search - INFO - *******patience:0*********
2024-10-05 02:13:00,119 - hyper_search - INFO - Epoch: 012 | Train loss: 0.303236 | Val loss: 0.263954 |
2024-10-05 02:13:00,121 - hyper_search - INFO - *******patience:1*********
2024-10-05 02:18:59,479 - hyper_search - INFO - Epoch: 013 | Train loss: 0.295829 | Val loss: 0.262298 |
2024-10-05 02:18:59,481 - hyper_search - INFO - *******patience:2*********
2024-10-05 02:24:54,709 - hyper_search - INFO - Epoch: 014 | Train loss: 0.290348 | Val loss: 0.258674 |
2024-10-05 02:30:53,607 - hyper_search - INFO - Epoch: 015 | Train loss: 0.278819 | Val loss: 0.240117 |
2024-10-05 02:30:53,727 - hyper_search - INFO - **************
2024-10-05 02:30:53,727 - hyper_search - INFO - Iter 4:
2024-10-05 02:30:53,727 - hyper_search - INFO - Best Loss: 0.24011710286140442
2024-10-05 02:30:53,727 - hyper_search - INFO - Best lr: 0.0009256818992066885,Best weight_decay_rate: 0.0008580760619921307,Best droprate: 0.44397616269452833, Best phy_top_type: KNN,Best graph_type: epsilonNN,Best graph_skip_conn: 0.013264961159866532, Best epsilon: 0.942201755684853,Best top_k: 6, Best num_per: 4
2024-10-05 02:30:53,727 - hyper_search - INFO - Now Loss: 0.24011710286140442
2024-10-05 02:30:53,728 - hyper_search - INFO - Now lr: 0.0009256818992066885,Now weight_decay_rate: 0.0008580760619921307,Now droprate: 0.44397616269452833,Now phy_top_type: KNN,Now graph_type: epsilonNN,Now graph_skip_conn: 0.013264961159866532, Now epsilon: 0.942201755684853,Now top_k: 6, Now num_per: 4
2024-10-05 02:30:54,359 - hyper_search - INFO - ------------------------------
2024-10-05 02:36:49,968 - hyper_search - INFO - Epoch: 001 | Train loss: 0.568686 | Val loss: 0.403134 |
2024-10-05 02:42:58,493 - hyper_search - INFO - Epoch: 002 | Train loss: 0.464125 | Val loss: 0.360803 |
2024-10-05 02:49:07,105 - hyper_search - INFO - Epoch: 003 | Train loss: 0.440244 | Val loss: 0.341147 |
2024-10-05 02:55:15,272 - hyper_search - INFO - Epoch: 004 | Train loss: 0.423794 | Val loss: 0.330000 |
2024-10-05 03:01:25,424 - hyper_search - INFO - Epoch: 005 | Train loss: 0.411882 | Val loss: 0.342542 |
2024-10-05 03:01:25,426 - hyper_search - INFO - *******patience:0*********
2024-10-05 03:07:32,993 - hyper_search - INFO - Epoch: 006 | Train loss: 0.402939 | Val loss: 0.339244 |
2024-10-05 03:07:32,995 - hyper_search - INFO - *******patience:1*********
2024-10-05 03:13:41,225 - hyper_search - INFO - Epoch: 007 | Train loss: 0.387729 | Val loss: 0.337050 |
2024-10-05 03:13:41,227 - hyper_search - INFO - *******patience:2*********
2024-10-05 03:19:49,889 - hyper_search - INFO - Epoch: 008 | Train loss: 0.381892 | Val loss: 0.335584 |
2024-10-05 03:19:49,891 - hyper_search - INFO - *******patience:3*********
2024-10-05 03:25:58,120 - hyper_search - INFO - Epoch: 009 | Train loss: 0.380802 | Val loss: 0.335057 |
2024-10-05 03:25:58,121 - hyper_search - INFO - *******patience:4*********
2024-10-05 03:32:08,582 - hyper_search - INFO - Epoch: 010 | Train loss: 0.380349 | Val loss: 0.335176 |
2024-10-05 03:32:08,584 - hyper_search - INFO - *******patience:5*********
2024-10-05 03:38:15,112 - hyper_search - INFO - Epoch: 011 | Train loss: 0.375298 | Val loss: 0.335998 |
2024-10-05 03:38:15,114 - hyper_search - INFO - *******patience:6*********
2024-10-05 03:44:25,622 - hyper_search - INFO - Epoch: 012 | Train loss: 0.370815 | Val loss: 0.329180 |
2024-10-05 03:50:32,668 - hyper_search - INFO - Epoch: 013 | Train loss: 0.369303 | Val loss: 0.320601 |
2024-10-05 03:56:41,568 - hyper_search - INFO - Epoch: 014 | Train loss: 0.356459 | Val loss: 0.323644 |
2024-10-05 03:56:41,570 - hyper_search - INFO - *******patience:0*********
2024-10-05 04:02:53,124 - hyper_search - INFO - Epoch: 015 | Train loss: 0.352727 | Val loss: 0.320319 |
2024-10-05 04:02:53,226 - hyper_search - INFO - **************
2024-10-05 04:02:53,226 - hyper_search - INFO - Iter 5:
2024-10-05 04:02:53,226 - hyper_search - INFO - Best Loss: 0.24011710286140442
2024-10-05 04:02:53,227 - hyper_search - INFO - Best lr: 0.0009256818992066885,Best weight_decay_rate: 0.0008580760619921307,Best droprate: 0.44397616269452833, Best phy_top_type: KNN,Best graph_type: epsilonNN,Best graph_skip_conn: 0.013264961159866532, Best epsilon: 0.942201755684853,Best top_k: 6, Best num_per: 4
2024-10-05 04:02:53,227 - hyper_search - INFO - Now Loss: 0.32031872868537903
2024-10-05 04:02:53,227 - hyper_search - INFO - Now lr: 1.0762979285747968e-05,Now weight_decay_rate: 0.0002895927274708839,Now droprate: 0.19641018641040472,Now phy_top_type: KNN,Now graph_type: KNN,Now graph_skip_conn: 0.8331949117361646, Now epsilon: 0.1733646535077721,Now top_k: 5, Now num_per: 3
2024-10-05 04:02:53,959 - hyper_search - INFO - ------------------------------
2024-10-05 04:10:09,223 - hyper_search - INFO - Epoch: 001 | Train loss: 0.636771 | Val loss: 0.458280 |
2024-10-05 04:17:13,636 - hyper_search - INFO - Epoch: 002 | Train loss: 0.516837 | Val loss: 0.453306 |
2024-10-05 04:24:18,129 - hyper_search - INFO - Epoch: 003 | Train loss: 0.473076 | Val loss: 0.399223 |
2024-10-05 04:31:24,004 - hyper_search - INFO - Epoch: 004 | Train loss: 0.451717 | Val loss: 0.404801 |
2024-10-05 04:31:24,006 - hyper_search - INFO - *******patience:0*********
2024-10-05 04:38:28,034 - hyper_search - INFO - Epoch: 005 | Train loss: 0.440577 | Val loss: 0.400918 |
2024-10-05 04:38:28,036 - hyper_search - INFO - *******patience:1*********
2024-10-05 04:45:33,222 - hyper_search - INFO - Epoch: 006 | Train loss: 0.433420 | Val loss: 0.387177 |
2024-10-05 04:52:35,682 - hyper_search - INFO - Epoch: 007 | Train loss: 0.427067 | Val loss: 0.387617 |
2024-10-05 04:52:35,684 - hyper_search - INFO - *******patience:0*********
2024-10-05 04:59:40,725 - hyper_search - INFO - Epoch: 008 | Train loss: 0.424589 | Val loss: 0.387149 |
2024-10-05 05:06:47,794 - hyper_search - INFO - Epoch: 009 | Train loss: 0.425563 | Val loss: 0.386830 |
2024-10-05 05:13:50,499 - hyper_search - INFO - Epoch: 010 | Train loss: 0.424272 | Val loss: 0.386392 |
2024-10-05 05:20:56,779 - hyper_search - INFO - Epoch: 011 | Train loss: 0.424130 | Val loss: 0.386348 |
2024-10-05 05:28:02,115 - hyper_search - INFO - Epoch: 012 | Train loss: 0.421750 | Val loss: 0.383178 |
2024-10-05 05:35:07,451 - hyper_search - INFO - Epoch: 013 | Train loss: 0.418256 | Val loss: 0.387250 |
2024-10-05 05:35:07,453 - hyper_search - INFO - *******patience:0*********
2024-10-05 05:42:12,554 - hyper_search - INFO - Epoch: 014 | Train loss: 0.415173 | Val loss: 0.384486 |
2024-10-05 05:42:12,556 - hyper_search - INFO - *******patience:1*********
2024-10-05 05:49:16,303 - hyper_search - INFO - Epoch: 015 | Train loss: 0.410006 | Val loss: 0.383086 |
2024-10-05 05:49:16,415 - hyper_search - INFO - **************
2024-10-05 05:49:16,458 - hyper_search - INFO - Iter 6:
2024-10-05 05:49:16,458 - hyper_search - INFO - Best Loss: 0.24011710286140442
2024-10-05 05:49:16,459 - hyper_search - INFO - Best lr: 0.0009256818992066885,Best weight_decay_rate: 0.0008580760619921307,Best droprate: 0.44397616269452833, Best phy_top_type: KNN,Best graph_type: epsilonNN,Best graph_skip_conn: 0.013264961159866532, Best epsilon: 0.942201755684853,Best top_k: 6, Best num_per: 4
2024-10-05 05:49:16,459 - hyper_search - INFO - Now Loss: 0.3830864429473877
2024-10-05 05:49:16,459 - hyper_search - INFO - Now lr: 0.000324132680419563,Now weight_decay_rate: 0.0007084541505250235,Now droprate: 0.18317666514727557,Now phy_top_type: KNN,Now graph_type: epsilonNN,Now graph_skip_conn: 0.8422847745949987, Now epsilon: 0.4497541333697658,Now top_k: 5, Now num_per: 9
2024-10-05 05:49:17,053 - hyper_search - INFO - ------------------------------
2024-10-05 05:55:52,560 - hyper_search - INFO - Epoch: 001 | Train loss: 0.638401 | Val loss: 0.490939 |
2024-10-05 06:02:44,889 - hyper_search - INFO - Epoch: 002 | Train loss: 0.592650 | Val loss: 0.444092 |
2024-10-05 06:09:34,511 - hyper_search - INFO - Epoch: 003 | Train loss: 0.554497 | Val loss: 0.424732 |
2024-10-05 06:16:22,731 - hyper_search - INFO - Epoch: 004 | Train loss: 0.525453 | Val loss: 0.397760 |
2024-10-05 06:23:13,427 - hyper_search - INFO - Epoch: 005 | Train loss: 0.507164 | Val loss: 0.402538 |
2024-10-05 06:23:13,429 - hyper_search - INFO - *******patience:0*********
2024-10-05 06:30:02,386 - hyper_search - INFO - Epoch: 006 | Train loss: 0.493786 | Val loss: 0.397488 |
2024-10-05 06:36:52,493 - hyper_search - INFO - Epoch: 007 | Train loss: 0.487376 | Val loss: 0.398779 |
2024-10-05 06:36:52,495 - hyper_search - INFO - *******patience:0*********
2024-10-05 06:43:42,314 - hyper_search - INFO - Epoch: 008 | Train loss: 0.483843 | Val loss: 0.399755 |
2024-10-05 06:43:42,315 - hyper_search - INFO - *******patience:1*********
2024-10-05 06:50:30,695 - hyper_search - INFO - Epoch: 009 | Train loss: 0.483014 | Val loss: 0.400086 |
2024-10-05 06:50:30,697 - hyper_search - INFO - *******patience:2*********
2024-10-05 06:57:20,381 - hyper_search - INFO - Epoch: 010 | Train loss: 0.483328 | Val loss: 0.400750 |
2024-10-05 06:57:20,383 - hyper_search - INFO - *******patience:3*********
2024-10-05 07:04:12,493 - hyper_search - INFO - Epoch: 011 | Train loss: 0.482177 | Val loss: 0.399027 |
2024-10-05 07:04:12,495 - hyper_search - INFO - *******patience:4*********
2024-10-05 07:10:59,196 - hyper_search - INFO - Epoch: 012 | Train loss: 0.477926 | Val loss: 0.400688 |
2024-10-05 07:10:59,198 - hyper_search - INFO - *******patience:5*********
2024-10-05 07:17:51,087 - hyper_search - INFO - Epoch: 013 | Train loss: 0.475180 | Val loss: 0.404565 |
2024-10-05 07:17:51,089 - hyper_search - INFO - *******patience:6*********
2024-10-05 07:24:41,281 - hyper_search - INFO - Epoch: 014 | Train loss: 0.471907 | Val loss: 0.404904 |
2024-10-05 07:24:41,282 - hyper_search - INFO - *******patience:7*********
2024-10-05 07:24:41,406 - hyper_search - INFO - **************
2024-10-05 07:24:41,406 - hyper_search - INFO - Iter 7:
2024-10-05 07:24:41,407 - hyper_search - INFO - Best Loss: 0.24011710286140442
2024-10-05 07:24:41,407 - hyper_search - INFO - Best lr: 0.0009256818992066885,Best weight_decay_rate: 0.0008580760619921307,Best droprate: 0.44397616269452833, Best phy_top_type: KNN,Best graph_type: epsilonNN,Best graph_skip_conn: 0.013264961159866532, Best epsilon: 0.942201755684853,Best top_k: 6, Best num_per: 4
2024-10-05 07:24:41,407 - hyper_search - INFO - Now Loss: 0.4049038887023926
2024-10-05 07:24:41,408 - hyper_search - INFO - Now lr: 0.0002848026275422517,Now weight_decay_rate: 0.0004498643077694105,Now droprate: 0.3281775897621598,Now phy_top_type: KNN,Now graph_type: KNN,Now graph_skip_conn: 0.8445338486781516, Now epsilon: 0.747320110137381,Now top_k: 6, Now num_per: 6
2024-10-05 07:24:42,055 - hyper_search - INFO - ------------------------------
2024-10-05 07:30:45,597 - hyper_search - INFO - Epoch: 001 | Train loss: 0.663327 | Val loss: 0.495666 |
2024-10-05 07:36:32,689 - hyper_search - INFO - Epoch: 002 | Train loss: 0.615522 | Val loss: 0.494105 |
2024-10-05 07:42:18,285 - hyper_search - INFO - Epoch: 003 | Train loss: 0.577096 | Val loss: nan |
2024-10-05 07:42:18,389 - hyper_search - INFO - **************
2024-10-05 07:42:18,389 - hyper_search - INFO - Iter 8:
2024-10-05 07:42:18,390 - hyper_search - INFO - Best Loss: 0.24011710286140442
2024-10-05 07:42:18,390 - hyper_search - INFO - Best lr: 0.0009256818992066885,Best weight_decay_rate: 0.0008580760619921307,Best droprate: 0.44397616269452833, Best phy_top_type: KNN,Best graph_type: epsilonNN,Best graph_skip_conn: 0.013264961159866532, Best epsilon: 0.942201755684853,Best top_k: 6, Best num_per: 4
2024-10-05 07:42:18,390 - hyper_search - INFO - Now Loss: 100.0
2024-10-05 07:42:18,391 - hyper_search - INFO - Now lr: 0.0008521393381383605,Now weight_decay_rate: 0.001637074694637572,Now droprate: 0.2103996728090174,Now phy_top_type: epsilon,Now graph_type: epsilonNN,Now graph_skip_conn: 0.015636406741193935, Now epsilon: 0.42340148070636974,Now top_k: 5, Now num_per: 4
2024-10-05 07:42:19,055 - hyper_search - INFO - ------------------------------
2024-10-05 07:49:37,642 - hyper_search - INFO - Epoch: 001 | Train loss: 0.675594 | Val loss: 0.549856 |
2024-10-05 07:57:02,739 - hyper_search - INFO - Epoch: 002 | Train loss: 0.646240 | Val loss: 0.536601 |
2024-10-05 08:04:28,511 - hyper_search - INFO - Epoch: 003 | Train loss: 0.616166 | Val loss: 0.523754 |
2024-10-05 08:11:55,601 - hyper_search - INFO - Epoch: 004 | Train loss: 0.588139 | Val loss: 0.517017 |
2024-10-05 08:19:23,954 - hyper_search - INFO - Epoch: 005 | Train loss: 0.567053 | Val loss: 0.513906 |
2024-10-05 08:26:49,916 - hyper_search - INFO - Epoch: 006 | Train loss: 0.558495 | Val loss: 0.512245 |
2024-10-05 08:34:19,541 - hyper_search - INFO - Epoch: 007 | Train loss: 0.551564 | Val loss: 0.510891 |
2024-10-05 08:41:44,572 - hyper_search - INFO - Epoch: 008 | Train loss: 0.547451 | Val loss: 0.510528 |
